Using pre-set license
Built from '2020.3/staging' branch; Version is '2020.3.18f1 (a7d1c678663c) revision 10998214'; Using compiler version '192528614'; Build Type 'Release'
OS: 'Windows 10 Home China; OS build 19043.1288; Version 2009; 64bit' Language: 'zh' Physical Memory: 32622 MB
BatchMode: 1, IsHumanControllingUs: 0, StartBugReporterOnCrash: 0, Is64bit: 1, IsPro: 0

COMMAND LINE ARGUMENTS:
C:\Program Files\Unity\Hub\Editor\2020.3.18f1\Editor\Unity.exe
-adb2
-batchMode
-noUpm
-name
AssetImportWorker0
-projectPath
C:/Users/Shenghan/OneDrive/文档/GitHub/2021-09-module2-Katomegumi2233
-logFile
Logs/AssetImportWorker0.log
-srvPort
54163
Successfully changed project path to: C:/Users/Shenghan/OneDrive/文档/GitHub/2021-09-module2-Katomegumi2233
C:/Users/Shenghan/OneDrive/文档/GitHub/2021-09-module2-Katomegumi2233
Using Asset Import Pipeline V2.
Refreshing native plugins compatible for Editor in 20.36 ms, found 2 plugins.
Preloading 0 native plugins for Editor in 0.00 ms.
Initialize engine version: 2020.3.18f1 (a7d1c678663c)
[Subsystems] Discovering subsystems at path C:/Program Files/Unity/Hub/Editor/2020.3.18f1/Editor/Data/Resources/UnitySubsystems
[Subsystems] Discovering subsystems at path C:/Users/Shenghan/OneDrive/文档/GitHub/2021-09-module2-Katomegumi2233/Assets
GfxDevice: creating device client; threaded=0
Direct3D:
    Version:  Direct3D 11.0 [level 11.1]
    Renderer: NVIDIA GeForce RTX 3090 (ID=0x2204)
    Vendor:   
    VRAM:     24348 MB
    Driver:   30.0.14.9649
Initialize mono
Mono path[0] = 'C:/Program Files/Unity/Hub/Editor/2020.3.18f1/Editor/Data/Managed'
Mono path[1] = 'C:/Program Files/Unity/Hub/Editor/2020.3.18f1/Editor/Data/MonoBleedingEdge/lib/mono/unityjit'
Mono config path = 'C:/Program Files/Unity/Hub/Editor/2020.3.18f1/Editor/Data/MonoBleedingEdge/etc'
Using monoOptions --debugger-agent=transport=dt_socket,embedding=1,server=y,suspend=n,address=127.0.0.1:56296
Begin MonoManager ReloadAssembly
Registering precompiled unity dll's ...
Register platform support module: C:/Program Files/Unity/Hub/Editor/2020.3.18f1/Editor/Data/PlaybackEngines/WebGLSupport/UnityEditor.WebGL.Extensions.dll
Register platform support module: C:/Program Files/Unity/Hub/Editor/2020.3.18f1/Editor/Data/PlaybackEngines/WindowsStandaloneSupport/UnityEditor.WindowsStandalone.Extensions.dll
Registered in 0.001378 seconds.
Native extension for WindowsStandalone target not found
Native extension for WebGL target not found
Refreshing native plugins compatible for Editor in 19.99 ms, found 2 plugins.
Preloading 0 native plugins for Editor in 0.00 ms.
Mono: successfully reloaded assembly
- Completed reload, in  0.713 seconds
Domain Reload Profiling:
	ReloadAssembly (713ms)
		BeginReloadAssembly (34ms)
			ExecutionOrderSort (0ms)
			DisableScriptedObjects (0ms)
			BackupInstance (0ms)
			ReleaseScriptingObjects (0ms)
			CreateAndSetChildDomain (1ms)
		EndReloadAssembly (259ms)
			LoadAssemblies (33ms)
			RebuildTransferFunctionScriptingTraits (0ms)
			SetupTypeCache (92ms)
			ReleaseScriptCaches (0ms)
			RebuildScriptCaches (18ms)
			SetupLoadedEditorAssemblies (103ms)
				LogAssemblyErrors (0ms)
				InitializePlatformSupportModulesInManaged (3ms)
				SetLoadedEditorAssemblies (0ms)
				RefreshPlugins (20ms)
				BeforeProcessingInitializeOnLoad (11ms)
				ProcessInitializeOnLoadAttributes (51ms)
				ProcessInitializeOnLoadMethodAttributes (17ms)
				AfterProcessingInitializeOnLoad (0ms)
				EditorAssembliesLoaded (0ms)
			ExecutionOrderSort2 (0ms)
			AwakeInstancesAfterBackupRestoration (0ms)
Platform modules already initialized, skipping
Registering precompiled user dll's ...
Registered in 0.001712 seconds.
Begin MonoManager ReloadAssembly
Native extension for WindowsStandalone target not found
Native extension for WebGL target not found
Refreshing native plugins compatible for Editor in 0.19 ms, found 2 plugins.
Preloading 0 native plugins for Editor in 0.00 ms.
Mono: successfully reloaded assembly
- Completed reload, in  0.628 seconds
Domain Reload Profiling:
	ReloadAssembly (628ms)
		BeginReloadAssembly (88ms)
			ExecutionOrderSort (0ms)
			DisableScriptedObjects (3ms)
			BackupInstance (0ms)
			ReleaseScriptingObjects (0ms)
			CreateAndSetChildDomain (11ms)
		EndReloadAssembly (500ms)
			LoadAssemblies (52ms)
			RebuildTransferFunctionScriptingTraits (0ms)
			SetupTypeCache (162ms)
			ReleaseScriptCaches (0ms)
			RebuildScriptCaches (27ms)
			SetupLoadedEditorAssemblies (200ms)
				LogAssemblyErrors (0ms)
				InitializePlatformSupportModulesInManaged (4ms)
				SetLoadedEditorAssemblies (0ms)
				RefreshPlugins (0ms)
				BeforeProcessingInitializeOnLoad (52ms)
				ProcessInitializeOnLoadAttributes (137ms)
				ProcessInitializeOnLoadMethodAttributes (3ms)
				AfterProcessingInitializeOnLoad (4ms)
				EditorAssembliesLoaded (0ms)
			ExecutionOrderSort2 (0ms)
			AwakeInstancesAfterBackupRestoration (4ms)
Platform modules already initialized, skipping
========================================================================
Worker process is ready to serve import requests
Launched and connected shader compiler UnityShaderCompiler.exe after 0.03 seconds
Refreshing native plugins compatible for Editor in 0.19 ms, found 2 plugins.
Preloading 0 native plugins for Editor in 0.00 ms.
Unloading 1440 Unused Serialized files (Serialized files now loaded: 0)
System memory in use before: 66.2 MB.
System memory in use after: 66.3 MB.

Unloading 16 unused Assets to reduce memory usage. Loaded Objects now: 1877.
Total: 1.730200 ms (FindLiveObjects: 0.080400 ms CreateObjectMapping: 0.024900 ms MarkObjects: 1.578200 ms  DeleteObjects: 0.046000 ms)

AssetImportParameters requested are different than current active one (requested -> active):
  custom:framework-win-MediaFoundation: 216162199b28c13a410421893ffa2e32 -> 
  custom:video-decoder-ogg-theora: a1e56fd34408186e4bbccfd4996cb3dc -> 
  custom:container-muxer-webm: aa71ff27fc2769a1b78a27578f13a17b -> 
  custom:container-demuxer-webm: 4f35f7cbe854078d1ac9338744f61a02 -> 
  custom:container-demuxer-ogg: 62fdf1f143b41e24485cea50d1cbac27 -> 
  custom:video-encoder-webm-vp8: eb34c28f22e8b96e1ab97ce403110664 -> 
  custom:video-decoder-webm-vp8: 9c59270c3fd7afecdb556c50c9e8de78 -> 
  custom:audio-decoder-ogg-vorbis: bf7c407c2cedff20999df2af8eb42d56 -> 
  custom:audio-encoder-webm-vorbis: bf7c407c2cedff20999df2af8eb42d56 -> 
========================================================================
Received Import Request.
  path: Assets/OtherGame/New Folder
  artifactKey: Guid(a8d7b935de9e63d4f957509502ac8976) Importer(815301076,1909f56bfc062723c751e8b465ee728b)
Start importing Assets/OtherGame/New Folder using Guid(a8d7b935de9e63d4f957509502ac8976) Importer(815301076,1909f56bfc062723c751e8b465ee728b)  -> (artifact id: '9660096a0035dd33bb403f259ea6b3b6') in 0.007235 seconds 
  Import took 0.008714 seconds .

========================================================================
Received Import Request.
  Time since last request: 150.394776 seconds.
  path: Assets/OtherGame/_Prefabs/PrefabCard.prefab
  artifactKey: Guid(74f7c191d1b71884196bcd7e0135bbfe) Importer(815301076,1909f56bfc062723c751e8b465ee728b)
Start importing Assets/OtherGame/_Prefabs/PrefabCard.prefab using Guid(74f7c191d1b71884196bcd7e0135bbfe) Importer(815301076,1909f56bfc062723c751e8b465ee728b)  -> (artifact id: '169e98c532b131d03a81fc124bbbf7bb') in 0.072942 seconds 
  Import took 0.075328 seconds .

========================================================================
Received Import Request.
  Time since last request: 0.000181 seconds.
  path: Assets/OtherGame/_Prefabs/PrefabSprite.prefab
  artifactKey: Guid(4f771dfc340d1674994239eb52dfca6d) Importer(815301076,1909f56bfc062723c751e8b465ee728b)
Start importing Assets/OtherGame/_Prefabs/PrefabSprite.prefab using Guid(4f771dfc340d1674994239eb52dfca6d) Importer(815301076,1909f56bfc062723c751e8b465ee728b)  -> (artifact id: 'd8e44f0e1568e0e47910fd3f9df60ce7') in 0.006261 seconds 
  Import took 0.007755 seconds .

========================================================================
Received Import Request.
  Time since last request: 0.000265 seconds.
  path: Assets/OtherGame/_Prefabs/PrefabFloatingScore.prefab
  artifactKey: Guid(1603a1548cb3fdb4fa97b40100070ee7) Importer(815301076,1909f56bfc062723c751e8b465ee728b)
Start importing Assets/OtherGame/_Prefabs/PrefabFloatingScore.prefab using Guid(1603a1548cb3fdb4fa97b40100070ee7) Importer(815301076,1909f56bfc062723c751e8b465ee728b)  -> (artifact id: '2133ee5b02b6ebf84082220ac15b7387') in 0.012779 seconds 
  Import took 0.014395 seconds .

========================================================================
Received Import Request.
  Time since last request: 1.528815 seconds.
  path: Assets/OtherGame/__Prospector_Scene_0.unity
  artifactKey: Guid(788b609ce3ce90d458b58eede2a896b6) Importer(815301076,1909f56bfc062723c751e8b465ee728b)
Start importing Assets/OtherGame/__Prospector_Scene_0.unity using Guid(788b609ce3ce90d458b58eede2a896b6) Importer(815301076,1909f56bfc062723c751e8b465ee728b)  -> (artifact id: 'c6f0a7894ff6bb9625537dacae69dcb3') in 0.008424 seconds 
  Import took 0.010111 seconds .

========================================================================
Received Import Request.
  Time since last request: 7.967796 seconds.
  path: Assets/OtherGame/__Prospector_Scene_0Settings.lighting
  artifactKey: Guid(b7998b1b25ac3e44bb5f596379970ce9) Importer(815301076,1909f56bfc062723c751e8b465ee728b)
Start importing Assets/OtherGame/__Prospector_Scene_0Settings.lighting using Guid(b7998b1b25ac3e44bb5f596379970ce9) Importer(815301076,1909f56bfc062723c751e8b465ee728b) LightingSettings: switching bake backend from 1 to 0.
 -> (artifact id: '45b6bc9292c56d0b9bac72d66dbf0233') in 0.006698 seconds 
  Import took 0.008356 seconds .

========================================================================
Received Import Request.
  Time since last request: 36.329779 seconds.
  path: Assets/OtherGame/Pramid Solitaire.unity
  artifactKey: Guid(788b609ce3ce90d458b58eede2a896b6) Importer(815301076,1909f56bfc062723c751e8b465ee728b)
Start importing Assets/OtherGame/Pramid Solitaire.unity using Guid(788b609ce3ce90d458b58eede2a896b6) Importer(815301076,1909f56bfc062723c751e8b465ee728b)  -> (artifact id: 'bedfb11da682211ca66d23215fb01227') in 0.005713 seconds 
  Import took 0.007303 seconds .

========================================================================
Received Import Request.
  Time since last request: 0.001721 seconds.
  path: Assets/OtherGame/Pramid Solitaire.unity
  artifactKey: Guid(788b609ce3ce90d458b58eede2a896b6) Importer(815301076,1909f56bfc062723c751e8b465ee728b)
Start importing Assets/OtherGame/Pramid Solitaire.unity using Guid(788b609ce3ce90d458b58eede2a896b6) Importer(815301076,1909f56bfc062723c751e8b465ee728b)  -> (artifact id: 'bedfb11da682211ca66d23215fb01227') in 0.001919 seconds 
  Import took 0.003497 seconds .

========================================================================
Received Import Request.
  Time since last request: 50.172324 seconds.
  path: Assets/OtherGame/_Sprites/Card_Back.png
  artifactKey: Guid(375dc0f71a712b142b9bd9c8163e0bc7) Importer(815301076,1909f56bfc062723c751e8b465ee728b)
Start importing Assets/OtherGame/_Sprites/Card_Back.png using Guid(375dc0f71a712b142b9bd9c8163e0bc7) Importer(815301076,1909f56bfc062723c751e8b465ee728b)  -> (artifact id: 'd78532597f34622f722ec47ade33ffbd') in 0.027041 seconds 
  Import took 0.028754 seconds .

========================================================================
Received Import Request.
  Time since last request: 0.000174 seconds.
  path: Assets/OtherGame/_Sprites/Diamond.png
  artifactKey: Guid(ec1c25c5977e44b48ba8e6940ec1b1f4) Importer(815301076,1909f56bfc062723c751e8b465ee728b)
Start importing Assets/OtherGame/_Sprites/Diamond.png using Guid(ec1c25c5977e44b48ba8e6940ec1b1f4) Importer(815301076,1909f56bfc062723c751e8b465ee728b)  -> (artifact id: '0174fc0e37fb03a58ec08ded870687a3') in 0.018891 seconds 
  Import took 0.020453 seconds .

========================================================================
Received Import Request.
  Time since last request: 0.000188 seconds.
  path: Assets/OtherGame/_Sprites/FaceCard_11S.png
  artifactKey: Guid(2e104a23e4ebee849a86fcd8fbac9592) Importer(815301076,1909f56bfc062723c751e8b465ee728b)
Start importing Assets/OtherGame/_Sprites/FaceCard_11S.png using Guid(2e104a23e4ebee849a86fcd8fbac9592) Importer(815301076,1909f56bfc062723c751e8b465ee728b)  -> (artifact id: '074c1d29a85fc5dfaef165bda143b580') in 0.016787 seconds 
  Import took 0.018401 seconds .

========================================================================
Received Import Request.
  Time since last request: 0.000182 seconds.
  path: Assets/OtherGame/_Sprites/Heart.png
  artifactKey: Guid(6a1ee818c4950c74ebe5c7a8151c1189) Importer(815301076,1909f56bfc062723c751e8b465ee728b)
Start importing Assets/OtherGame/_Sprites/Heart.png using Guid(6a1ee818c4950c74ebe5c7a8151c1189) Importer(815301076,1909f56bfc062723c751e8b465ee728b)  -> (artifact id: '858b2cbb5dfe2d2c38c32069edee7f4a') in 0.025314 seconds 
  Import took 0.026848 seconds .

========================================================================
Received Import Request.
  Time since last request: 0.000141 seconds.
  path: Assets/OtherGame/_Sprites/FaceCard_12C.png
  artifactKey: Guid(8c10440c14592004cb825b25e258a604) Importer(815301076,1909f56bfc062723c751e8b465ee728b)
Start importing Assets/OtherGame/_Sprites/FaceCard_12C.png using Guid(8c10440c14592004cb825b25e258a604) Importer(815301076,1909f56bfc062723c751e8b465ee728b)  -> (artifact id: '5acd23798c56065e4e537b5c1426632a') in 0.038346 seconds 
  Import took 0.039878 seconds .

========================================================================
Received Import Request.
  Time since last request: 0.000138 seconds.
  path: Assets/OtherGame/_Sprites/FaceCard_12S.png
  artifactKey: Guid(aae551ddc00ba9e48b784184816f66b0) Importer(815301076,1909f56bfc062723c751e8b465ee728b)
Start importing Assets/OtherGame/_Sprites/FaceCard_12S.png using Guid(aae551ddc00ba9e48b784184816f66b0) Importer(815301076,1909f56bfc062723c751e8b465ee728b)  -> (artifact id: 'e9c0bcd69d66544408e836bd596626b5') in 0.028233 seconds 
  Import took 0.029824 seconds .

========================================================================
Received Import Request.
  Time since last request: 0.000182 seconds.
  path: Assets/OtherGame/_Sprites/FaceCard_12H.png
  artifactKey: Guid(efaf2a785db09dc4a960bedaadc91bb0) Importer(815301076,1909f56bfc062723c751e8b465ee728b)
Start importing Assets/OtherGame/_Sprites/FaceCard_12H.png using Guid(efaf2a785db09dc4a960bedaadc91bb0) Importer(815301076,1909f56bfc062723c751e8b465ee728b)  -> (artifact id: '3b914c55829d5c5a60d0006bf9628a2f') in 0.029650 seconds 
  Import took 0.034580 seconds .

========================================================================
Received Import Request.
  Time since last request: 0.000112 seconds.
  path: Assets/OtherGame/_Sprites/FaceCard_13H.png
  artifactKey: Guid(d2c27fa54b9fa3743b6eb5465c48fe35) Importer(815301076,1909f56bfc062723c751e8b465ee728b)
Start importing Assets/OtherGame/_Sprites/FaceCard_13H.png using Guid(d2c27fa54b9fa3743b6eb5465c48fe35) Importer(815301076,1909f56bfc062723c751e8b465ee728b)  -> (artifact id: '6d99975e0b759591fb5075360819da61') in 0.020162 seconds 
  Import took 0.021686 seconds .

========================================================================
Received Import Request.
  Time since last request: 0.000141 seconds.
  path: Assets/OtherGame/_Sprites/Card_Front_Gold.png
  artifactKey: Guid(6e752d9aa805d9d46acc83100cfd0439) Importer(815301076,1909f56bfc062723c751e8b465ee728b)
Start importing Assets/OtherGame/_Sprites/Card_Front_Gold.png using Guid(6e752d9aa805d9d46acc83100cfd0439) Importer(815301076,1909f56bfc062723c751e8b465ee728b)  -> (artifact id: '116ed0fc8392ef8d6a6591e50a09d74a') in 0.016960 seconds 
  Import took 0.018597 seconds .

========================================================================
Received Import Request.
  Time since last request: 0.000113 seconds.
  path: Assets/OtherGame/_Sprites/FaceCard_11C.png
  artifactKey: Guid(e0d5c34e425252e42927e26869629133) Importer(815301076,1909f56bfc062723c751e8b465ee728b)
Start importing Assets/OtherGame/_Sprites/FaceCard_11C.png using Guid(e0d5c34e425252e42927e26869629133) Importer(815301076,1909f56bfc062723c751e8b465ee728b)  -> (artifact id: 'baf19b6ed35f0ee7887c1c533036dff1') in 0.012871 seconds 
  Import took 0.014422 seconds .

========================================================================
Received Import Request.
  Time since last request: 0.000163 seconds.
  path: Assets/OtherGame/_Sprites/Club.png
  artifactKey: Guid(7cb504793c7f0484486d54c079f3f27a) Importer(815301076,1909f56bfc062723c751e8b465ee728b)
Start importing Assets/OtherGame/_Sprites/Club.png using Guid(7cb504793c7f0484486d54c079f3f27a) Importer(815301076,1909f56bfc062723c751e8b465ee728b)  -> (artifact id: 'd70da0f3fb337132e7a37e57f7ffc361') in 0.008802 seconds 
  Import took 0.010371 seconds .

========================================================================
Received Import Request.
  Time since last request: 0.000204 seconds.
  path: Assets/OtherGame/_Sprites/FaceCard_11D.png
  artifactKey: Guid(c521ebf2ad529c149943392d93a38527) Importer(815301076,1909f56bfc062723c751e8b465ee728b)
Start importing Assets/OtherGame/_Sprites/FaceCard_11D.png using Guid(c521ebf2ad529c149943392d93a38527) Importer(815301076,1909f56bfc062723c751e8b465ee728b)  -> (artifact id: '90f032eb0f79bd12e9b532a81c4b7d58') in 0.012809 seconds 
  Import took 0.014471 seconds .

========================================================================
Received Import Request.
  Time since last request: 0.000175 seconds.
  path: Assets/OtherGame/_Sprites/FaceCard_13S.png
  artifactKey: Guid(fa9dcd7dc38234c4cb7729a46f0a366b) Importer(815301076,1909f56bfc062723c751e8b465ee728b)
Start importing Assets/OtherGame/_Sprites/FaceCard_13S.png using Guid(fa9dcd7dc38234c4cb7729a46f0a366b) Importer(815301076,1909f56bfc062723c751e8b465ee728b)  -> (artifact id: '3223efacf72d2b483e58ceee6c900486') in 0.011551 seconds 
  Import took 0.013185 seconds .

========================================================================
Received Import Request.
  Time since last request: 0.000141 seconds.
  path: Assets/OtherGame/_Sprites/FaceCard_12D.png
  artifactKey: Guid(1c41912d22677ae4fa5d616fd4b193ba) Importer(815301076,1909f56bfc062723c751e8b465ee728b)
Start importing Assets/OtherGame/_Sprites/FaceCard_12D.png using Guid(1c41912d22677ae4fa5d616fd4b193ba) Importer(815301076,1909f56bfc062723c751e8b465ee728b)  -> (artifact id: '2406b493ab4ede31c191f0688cbae649') in 0.010459 seconds 
  Import took 0.012319 seconds .

========================================================================
Received Import Request.
  Time since last request: 0.000115 seconds.
  path: Assets/OtherGame/_Sprites/ProspectorBackground Mat.mat
  artifactKey: Guid(a5a983931ad903846b43e25e77ae89dd) Importer(815301076,1909f56bfc062723c751e8b465ee728b)
Start importing Assets/OtherGame/_Sprites/ProspectorBackground Mat.mat using Guid(a5a983931ad903846b43e25e77ae89dd) Importer(815301076,1909f56bfc062723c751e8b465ee728b)  -> (artifact id: '642dae6bb120ee10ecd873577e805941') in 0.026808 seconds 
  Import took 0.028427 seconds .

========================================================================
Received Import Request.
  Time since last request: 0.000136 seconds.
  path: Assets/OtherGame/_Sprites/FaceCard_13D.png
  artifactKey: Guid(5597b5b086113884581103b2cc852a73) Importer(815301076,1909f56bfc062723c751e8b465ee728b)
Start importing Assets/OtherGame/_Sprites/FaceCard_13D.png using Guid(5597b5b086113884581103b2cc852a73) Importer(815301076,1909f56bfc062723c751e8b465ee728b)  -> (artifact id: '844a0494e13360971c0d6fc0af52b7a3') in 0.010513 seconds 
  Import took 0.012056 seconds .

========================================================================
Received Import Request.
  Time since last request: 0.000122 seconds.
  path: Assets/OtherGame/_Sprites/ProspectorBackground.png
  artifactKey: Guid(91a5651020855904d87fa7a66a2cf4db) Importer(815301076,1909f56bfc062723c751e8b465ee728b)
Start importing Assets/OtherGame/_Sprites/ProspectorBackground.png using Guid(91a5651020855904d87fa7a66a2cf4db) Importer(815301076,1909f56bfc062723c751e8b465ee728b)  -> (artifact id: '0ec3d63cc5fb92cbc85b03a58a4c1f19') in 0.011665 seconds 
  Import took 0.013163 seconds .

========================================================================
Received Import Request.
  Time since last request: 0.000135 seconds.
  path: Assets/OtherGame/_Sprites/FaceCard_13C.png
  artifactKey: Guid(7e851d22fd29b8b479fa19a2122145ad) Importer(815301076,1909f56bfc062723c751e8b465ee728b)
Start importing Assets/OtherGame/_Sprites/FaceCard_13C.png using Guid(7e851d22fd29b8b479fa19a2122145ad) Importer(815301076,1909f56bfc062723c751e8b465ee728b)  -> (artifact id: '1ee7f81e07bdb8ecb08df9be81c110ec') in 0.010415 seconds 
  Import took 0.012104 seconds .

========================================================================
Received Import Request.
  Time since last request: 0.000121 seconds.
  path: Assets/OtherGame/_Sprites/Spade.png
  artifactKey: Guid(361a8f5669286564fb98adeff5219d97) Importer(815301076,1909f56bfc062723c751e8b465ee728b)
Start importing Assets/OtherGame/_Sprites/Spade.png using Guid(361a8f5669286564fb98adeff5219d97) Importer(815301076,1909f56bfc062723c751e8b465ee728b)  -> (artifact id: 'e42dbbeb29688428a6a3d2e193329cce') in 0.008703 seconds 
  Import took 0.010265 seconds .

========================================================================
Received Import Request.
  Time since last request: 0.000136 seconds.
  path: Assets/OtherGame/_Sprites/Card_Front.png
  artifactKey: Guid(caeabf61d0980674c945d47cd6192a79) Importer(815301076,1909f56bfc062723c751e8b465ee728b)
Start importing Assets/OtherGame/_Sprites/Card_Front.png using Guid(caeabf61d0980674c945d47cd6192a79) Importer(815301076,1909f56bfc062723c751e8b465ee728b)  -> (artifact id: '215a77b83d5bad1254f76ec76bedc704') in 0.008444 seconds 
  Import took 0.010050 seconds .

========================================================================
Received Import Request.
  Time since last request: 0.000136 seconds.
  path: Assets/OtherGame/_Sprites/Letters.png
  artifactKey: Guid(5419dfc8a5a1a504b99b181b203f32b7) Importer(815301076,1909f56bfc062723c751e8b465ee728b)
Start importing Assets/OtherGame/_Sprites/Letters.png using Guid(5419dfc8a5a1a504b99b181b203f32b7) Importer(815301076,1909f56bfc062723c751e8b465ee728b)  -> (artifact id: '01b9028f7f055631b9ae3f9bbefdc6ea') in 0.023431 seconds 
  Import took 0.025104 seconds .

========================================================================
Received Import Request.
  Time since last request: 0.000162 seconds.
  path: Assets/OtherGame/_Sprites/Card_Back_Gold.png
  artifactKey: Guid(976519cf9afbad74ebf6ad1e62640e17) Importer(815301076,1909f56bfc062723c751e8b465ee728b)
Start importing Assets/OtherGame/_Sprites/Card_Back_Gold.png using Guid(976519cf9afbad74ebf6ad1e62640e17) Importer(815301076,1909f56bfc062723c751e8b465ee728b)  -> (artifact id: '60524bfc3941f2d0f31ba71a5200aa4f') in 0.010199 seconds 
  Import took 0.011824 seconds .

========================================================================
Received Import Request.
  Time since last request: 0.000125 seconds.
  path: Assets/OtherGame/_Sprites/FaceCard_11H.png
  artifactKey: Guid(77a0730f1487ba341bdebb5a3a2ea7c6) Importer(815301076,1909f56bfc062723c751e8b465ee728b)
Start importing Assets/OtherGame/_Sprites/FaceCard_11H.png using Guid(77a0730f1487ba341bdebb5a3a2ea7c6) Importer(815301076,1909f56bfc062723c751e8b465ee728b)  -> (artifact id: '0ecb6154f2ed5bab9011820fbe55146d') in 0.011060 seconds 
  Import took 0.012591 seconds .

========================================================================
Received Prepare
Registering precompiled user dll's ...
Registered in 0.001536 seconds.
Begin MonoManager ReloadAssembly
Native extension for WindowsStandalone target not found
Native extension for WebGL target not found
Refreshing native plugins compatible for Editor in 0.19 ms, found 2 plugins.
Preloading 0 native plugins for Editor in 0.00 ms.
Mono: successfully reloaded assembly
- Completed reload, in  0.609 seconds
Domain Reload Profiling:
	ReloadAssembly (609ms)
		BeginReloadAssembly (72ms)
			ExecutionOrderSort (0ms)
			DisableScriptedObjects (2ms)
			BackupInstance (0ms)
			ReleaseScriptingObjects (0ms)
			CreateAndSetChildDomain (21ms)
		EndReloadAssembly (486ms)
			LoadAssemblies (53ms)
			RebuildTransferFunctionScriptingTraits (0ms)
			SetupTypeCache (167ms)
			ReleaseScriptCaches (0ms)
			RebuildScriptCaches (22ms)
			SetupLoadedEditorAssemblies (184ms)
				LogAssemblyErrors (0ms)
				InitializePlatformSupportModulesInManaged (4ms)
				SetLoadedEditorAssemblies (0ms)
				RefreshPlugins (0ms)
				BeforeProcessingInitializeOnLoad (48ms)
				ProcessInitializeOnLoadAttributes (126ms)
				ProcessInitializeOnLoadMethodAttributes (2ms)
				AfterProcessingInitializeOnLoad (4ms)
				EditorAssembliesLoaded (0ms)
			ExecutionOrderSort2 (0ms)
			AwakeInstancesAfterBackupRestoration (4ms)
Platform modules already initialized, skipping
Refreshing native plugins compatible for Editor in 0.19 ms, found 2 plugins.
Preloading 0 native plugins for Editor in 0.00 ms.
Unloading 1434 Unused Serialized files (Serialized files now loaded: 0)
System memory in use before: 69.6 MB.
System memory in use after: 69.7 MB.

Unloading 11 unused Assets to reduce memory usage. Loaded Objects now: 1933.
Total: 1.562900 ms (FindLiveObjects: 0.086000 ms CreateObjectMapping: 0.025900 ms MarkObjects: 1.439400 ms  DeleteObjects: 0.011000 ms)

AssetImportParameters requested are different than current active one (requested -> active):
  custom:framework-win-MediaFoundation: 216162199b28c13a410421893ffa2e32 -> 
  custom:video-decoder-ogg-theora: a1e56fd34408186e4bbccfd4996cb3dc -> 
  custom:container-muxer-webm: aa71ff27fc2769a1b78a27578f13a17b -> 
  custom:container-demuxer-webm: 4f35f7cbe854078d1ac9338744f61a02 -> 
  custom:container-demuxer-ogg: 62fdf1f143b41e24485cea50d1cbac27 -> 
  custom:video-encoder-webm-vp8: eb34c28f22e8b96e1ab97ce403110664 -> 
  custom:video-decoder-webm-vp8: 9c59270c3fd7afecdb556c50c9e8de78 -> 
  custom:audio-decoder-ogg-vorbis: bf7c407c2cedff20999df2af8eb42d56 -> 
  custom:audio-encoder-webm-vorbis: bf7c407c2cedff20999df2af8eb42d56 -> 
========================================================================
Received Prepare
Registering precompiled user dll's ...
Registered in 0.001695 seconds.
Begin MonoManager ReloadAssembly
Native extension for WindowsStandalone target not found
Native extension for WebGL target not found
Refreshing native plugins compatible for Editor in 0.22 ms, found 2 plugins.
Preloading 0 native plugins for Editor in 0.00 ms.
Mono: successfully reloaded assembly
- Completed reload, in  0.569 seconds
Domain Reload Profiling:
	ReloadAssembly (569ms)
		BeginReloadAssembly (67ms)
			ExecutionOrderSort (0ms)
			DisableScriptedObjects (3ms)
			BackupInstance (0ms)
			ReleaseScriptingObjects (0ms)
			CreateAndSetChildDomain (19ms)
		EndReloadAssembly (463ms)
			LoadAssemblies (53ms)
			RebuildTransferFunctionScriptingTraits (0ms)
			SetupTypeCache (150ms)
			ReleaseScriptCaches (0ms)
			RebuildScriptCaches (22ms)
			SetupLoadedEditorAssemblies (183ms)
				LogAssemblyErrors (0ms)
				InitializePlatformSupportModulesInManaged (4ms)
				SetLoadedEditorAssemblies (0ms)
				RefreshPlugins (0ms)
				BeforeProcessingInitializeOnLoad (48ms)
				ProcessInitializeOnLoadAttributes (125ms)
				ProcessInitializeOnLoadMethodAttributes (2ms)
				AfterProcessingInitializeOnLoad (3ms)
				EditorAssembliesLoaded (0ms)
			ExecutionOrderSort2 (0ms)
			AwakeInstancesAfterBackupRestoration (4ms)
Platform modules already initialized, skipping
Refreshing native plugins compatible for Editor in 0.20 ms, found 2 plugins.
Preloading 0 native plugins for Editor in 0.00 ms.
Unloading 1434 Unused Serialized files (Serialized files now loaded: 0)
System memory in use before: 69.6 MB.
System memory in use after: 69.7 MB.

Unloading 11 unused Assets to reduce memory usage. Loaded Objects now: 1935.
Total: 1.582000 ms (FindLiveObjects: 0.088900 ms CreateObjectMapping: 0.026500 ms MarkObjects: 1.455000 ms  DeleteObjects: 0.010900 ms)

AssetImportParameters requested are different than current active one (requested -> active):
  custom:framework-win-MediaFoundation: 216162199b28c13a410421893ffa2e32 -> 
  custom:video-decoder-ogg-theora: a1e56fd34408186e4bbccfd4996cb3dc -> 
  custom:container-muxer-webm: aa71ff27fc2769a1b78a27578f13a17b -> 
  custom:container-demuxer-webm: 4f35f7cbe854078d1ac9338744f61a02 -> 
  custom:container-demuxer-ogg: 62fdf1f143b41e24485cea50d1cbac27 -> 
  custom:video-encoder-webm-vp8: eb34c28f22e8b96e1ab97ce403110664 -> 
  custom:video-decoder-webm-vp8: 9c59270c3fd7afecdb556c50c9e8de78 -> 
  custom:audio-decoder-ogg-vorbis: bf7c407c2cedff20999df2af8eb42d56 -> 
  custom:audio-encoder-webm-vorbis: bf7c407c2cedff20999df2af8eb42d56 -> 
AssetImportWorkerClient::OnTransportError - code=2 error=End of file
